[0607/223036:ERROR:process_reader_win.cc(232)] ReadMemory at 0x583e0000 of 64 bytes failed: Only part of a ReadProcessMemory or WriteProcessMemory request was completed. (0x12B)
[0607/223036:WARNING:pe_image_reader.cc(280)] could not read dos header from C:\Program Files (x86)\Google\Chrome\Application\49.0.2623.110\chrome_child.dll
[0607/223036:ERROR:process_reader_win.cc(232)] ReadMemory at 0x70350000 of 64 bytes failed: Only part of a ReadProcessMemory or WriteProcessMemory request was completed. (0x12B)
[0607/223036:WARNING:pe_image_reader.cc(280)] could not read dos header from C:\Program Files (x86)\360\360Safe\360verify.dll
[0607/223036:ERROR:process_reader_win.cc(232)] ReadMemory at 0x6f290000 of 64 bytes failed: Only part of a ReadProcessMemory or WriteProcessMemory request was completed. (0x12B)
[0607/223036:WARNING:pe_image_reader.cc(280)] could not read dos header from C:\WINDOWS\SYSTEM32\dwrite.dll
[0607/223036:ERROR:process_reader_win.cc(232)] ReadMemory at 0x73b40000 of 64 bytes failed: Only part of a ReadProcessMemory or WriteProcessMemory request was completed. (0x12B)
[0607/223036:WARNING:pe_image_reader.cc(280)] could not read dos header from C:\WINDOWS\system32\apphelp.dll
[0607/223036:ERROR:process_reader_win.cc(232)] ReadMemory at 0x74df0000 of 64 bytes failed: Only part of a ReadProcessMemory or WriteProcessMemory request was completed. (0x12B)
[0607/223036:WARNING:pe_image_reader.cc(280)] could not read dos header from C:\WINDOWS\SYSTEM32\bcryptPrimitives.dll
[0607/223036:ERROR:process_reader_win.cc(232)] ReadMemory at 0x74ae0000 of 64 bytes failed: Only part of a ReadProcessMemory or WriteProcessMemory request was completed. (0x12B)
[0607/223036:WARNING:pe_image_reader.cc(280)] could not read dos header from C:\WINDOWS\SYSTEM32\CRYPTBASE.dll
[0607/223036:ERROR:process_reader_win.cc(232)] ReadMemory at 0x74af0000 of 64 bytes failed: Only part of a ReadProcessMemory or WriteProcessMemory request was completed. (0x12B)
[0607/223036:WARNING:pe_image_reader.cc(280)] could not read dos header from C:\WINDOWS\SYSTEM32\SspiCli.dll
[0607/223036:ERROR:process_reader_win.cc(232)] ReadMemory at 0x75490000 of 64 bytes failed: Only part of a ReadProcessMemory or WriteProcessMemory request was completed. (0x12B)
[0607/223036:WARNING:pe_image_reader.cc(280)] could not read dos header from C:\WINDOWS\SYSTEM32\RPCRT4.dll
[0607/223036:ERROR:process_reader_win.cc(232)] ReadMemory at 0x75750000 of 64 bytes failed: Only part of a ReadProcessMemory or WriteProcessMemory request was completed. (0x12B)
[0607/223036:WARNING:pe_image_reader.cc(280)] could not read dos header from C:\WINDOWS\SYSTEM32\ADVAPI32.dll
[0607/223036:ERROR:process_reader_win.cc(232)] ReadMemory at 0x734b0000 of 64 bytes failed: Only part of a ReadProcessMemory or WriteProcessMemory request was completed. (0x12B)
[0607/223036:WARNING:pe_image_reader.cc(280)] could not read dos header from C:\Program Files (x86)\Google\Chrome\Application\49.0.2623.110\chrome_elf.dll
[0607/223036:ERROR:process_reader_win.cc(232)] ReadMemory at 0x73ea0000 of 64 bytes failed: Only part of a ReadProcessMemory or WriteProcessMemory request was completed. (0x12B)
[0607/223036:WARNING:pe_image_reader.cc(280)] could not read dos header from C:\WINDOWS\SYSTEM32\WINHTTP.dll
[0607/223036:ERROR:process_reader_win.cc(232)] ReadMemory at 0x74ac0000 of 64 bytes failed: Only part of a ReadProcessMemory or WriteProcessMemory request was completed. (0x12B)
[0607/223036:WARNING:pe_image_reader.cc(280)] could not read dos header from C:\WINDOWS\SYSTEM32\VERSION.dll
[0607/223036:ERROR:process_reader_win.cc(232)] ReadMemory at 0x75450000 of 64 bytes failed: Only part of a ReadProcessMemory or WriteProcessMemory request was completed. (0x12B)
[0607/223036:WARNING:pe_image_reader.cc(280)] could not read dos header from C:\WINDOWS\SYSTEM32\cfgmgr32.dll
[0607/223036:ERROR:process_reader_win.cc(232)] ReadMemory at 0x746c0000 of 64 bytes failed: Only part of a ReadProcessMemory or WriteProcessMemory request was completed. (0x12B)
[0607/223036:WARNING:pe_image_reader.cc(280)] could not read dos header from C:\WINDOWS\SYSTEM32\WINMMBASE.dll
[0607/223036:ERROR:process_reader_win.cc(232)] ReadMemory at 0x75300000 of 64 bytes failed: Only part of a ReadProcessMemory or WriteProcessMemory request was completed. (0x12B)
[0607/223036:WARNING:pe_image_reader.cc(280)] could not read dos header from C:\WINDOWS\SYSTEM32\GDI32.dll
[0607/223036:ERROR:process_reader_win.cc(232)] ReadMemory at 0x74c10000 of 64 bytes failed: Only part of a ReadProcessMemory or WriteProcessMemory request was completed. (0x12B)
[0607/223036:WARNING:pe_image_reader.cc(280)] could not read dos header from C:\WINDOWS\SYSTEM32\USER32.dll
[0607/223036:ERROR:process_reader_win.cc(232)] ReadMemory at 0x77bf0000 of 64 bytes failed: Only part of a ReadProcessMemory or WriteProcessMemory request was completed. (0x12B)
[0607/223036:WARNING:pe_image_reader.cc(280)] could not read dos header from C:\WINDOWS\SYSTEM32\IMM32.DLL
[0607/223036:ERROR:process_reader_win.cc(232)] ReadMemory at 0x746f0000 of 64 bytes failed: Only part of a ReadProcessMemory or WriteProcessMemory request was completed. (0x12B)
[0607/223036:WARNING:pe_image_reader.cc(280)] could not read dos header from C:\WINDOWS\SYSTEM32\WINMM.dll
[0607/223036:ERROR:process_reader_win.cc(232)] ReadMemory at 0x75060000 of 64 bytes failed: Only part of a ReadProcessMemory or WriteProcessMemory request was completed. (0x12B)
[0607/223036:WARNING:pe_image_reader.cc(280)] could not read dos header from C:\WINDOWS\SYSTEM32\profapi.dll
[0607/223036:ERROR:process_reader_win.cc(232)] ReadMemory at 0x74aa0000 of 64 bytes failed: Only part of a ReadProcessMemory or WriteProcessMemory request was completed. (0x12B)
[0607/223036:WARNING:pe_image_reader.cc(280)] could not read dos header from C:\WINDOWS\SYSTEM32\USERENV.dll
[0607/223036:ERROR:process_reader_win.cc(232)] ReadMemory at 0x74ad0000 of 64 bytes failed: Only part of a ReadProcessMemory or WriteProcessMemory request was completed. (0x12B)
[0607/223036:WARNING:pe_image_reader.cc(280)] could not read dos header from C:\WINDOWS\SYSTEM32\WTSAPI32.dll
[0607/223036:ERROR:process_reader_win.cc(232)] ReadMemory at 0x75070000 of 64 bytes failed: Only part of a ReadProcessMemory or WriteProcessMemory request was completed. (0x12B)
[0607/223036:WARNING:pe_image_reader.cc(280)] could not read dos header from C:\WINDOWS\SYSTEM32\combase.dll
[0607/223036:ERROR:process_reader_win.cc(232)] ReadMemory at 0x77380000 of 64 bytes failed: Only part of a ReadProcessMemory or WriteProcessMemory request was completed. (0x12B)
[0607/223036:WARNING:pe_image_reader.cc(280)] could not read dos header from C:\WINDOWS\SYSTEM32\shlwapi.dll
[0607/223036:ERROR:process_reader_win.cc(232)] ReadMemory at 0x75840000 of 64 bytes failed: Only part of a ReadProcessMemory or WriteProcessMemory request was completed. (0x12B)
[0607/223036:WARNING:pe_image_reader.cc(280)] could not read dos header from C:\WINDOWS\SYSTEM32\kernel.appcore.dll
[0607/223036:ERROR:process_reader_win.cc(232)] ReadMemory at 0x74d60000 of 64 bytes failed: Only part of a ReadProcessMemory or WriteProcessMemory request was completed. (0x12B)
[0607/223036:WARNING:pe_image_reader.cc(280)] could not read dos header from C:\WINDOWS\SYSTEM32\shcore.dll
[0607/223036:ERROR:process_reader_win.cc(232)] ReadMemory at 0x77d10000 of 64 bytes failed: Only part of a ReadProcessMemory or WriteProcessMemory request was completed. (0x12B)
[0607/223036:WARNING:pe_image_reader.cc(280)] could not read dos header from C:\WINDOWS\SYSTEM32\powrprof.dll
[0607/223036:ERROR:process_reader_win.cc(232)] ReadMemory at 0x77570000 of 64 bytes failed: Only part of a ReadProcessMemory or WriteProcessMemory request was completed. (0x12B)
[0607/223036:WARNING:pe_image_reader.cc(280)] could not read dos header from C:\WINDOWS\SYSTEM32\windows.storage.dll
[0607/223036:ERROR:process_reader_win.cc(232)] ReadMemory at 0x75850000 of 64 bytes failed: Only part of a ReadProcessMemory or WriteProcessMemory request was completed. (0x12B)
[0607/223036:WARNING:pe_image_reader.cc(280)] could not read dos header from C:\WINDOWS\SYSTEM32\SHELL32.dll
[0607/223036:ERROR:process_reader_win.cc(232)] ReadMemory at 0x74f70000 of 64 bytes failed: Only part of a ReadProcessMemory or WriteProcessMemory request was completed. (0x12B)
[0607/223036:WARNING:pe_image_reader.cc(280)] could not read dos header from C:\WINDOWS\SYSTEM32\ole32.dll
[0607/223036:ERROR:process_reader_win.cc(232)] ReadMemory at 0x74b70000 of 64 bytes failed: Only part of a ReadProcessMemory or WriteProcessMemory request was completed. (0x12B)
[0607/223036:WARNING:pe_image_reader.cc(280)] could not read dos header from C:\WINDOWS\SYSTEM32\OLEAUT32.dll
[0607/223036:ERROR:process_reader_win.cc(232)] ReadMemory at 0x757d0000 of 64 bytes failed: Only part of a ReadProcessMemory or WriteProcessMemory request was completed. (0x12B)
[0607/223036:WARNING:pe_image_reader.cc(280)] could not read dos header from C:\WINDOWS\SYSTEM32\PSAPI.DLL
[0607/223036:ERROR:process_reader_win.cc(232)] ReadMemory at 0x75240000 of 64 bytes failed: Only part of a ReadProcessMemory or WriteProcessMemory request was completed. (0x12B)
[0607/223036:WARNING:pe_image_reader.cc(280)] could not read dos header from C:\WINDOWS\SYSTEM32\WS2_32.dll
[0607/223036:ERROR:process_reader_win.cc(232)] ReadMemory at 0x76ca0000 of 64 bytes failed: Only part of a ReadProcessMemory or WriteProcessMemory request was completed. (0x12B)
[0607/223036:WARNING:pe_image_reader.cc(280)] could not read dos header from C:\WINDOWS\SYSTEM32\NETAPI32.dll
[0607/223036:ERROR:process_reader_win.cc(232)] ReadMemory at 0x745f0000 of 64 bytes failed: Only part of a ReadProcessMemory or WriteProcessMemory request was completed. (0x12B)
[0607/223036:WARNING:pe_image_reader.cc(280)] could not read dos header from C:\WINDOWS\SYSTEM32\NETUTILS.DLL
[0607/223036:ERROR:process_reader_win.cc(232)] ReadMemory at 0x73130000 of 64 bytes failed: Only part of a ReadProcessMemory or WriteProcessMemory request was completed. (0x12B)
[0607/223036:WARNING:pe_image_reader.cc(280)] could not read dos header from C:\WINDOWS\SYSTEM32\bcrypt.dll
[0607/223036:ERROR:process_reader_win.cc(232)] ReadMemory at 0x72b50000 of 64 bytes failed: Only part of a ReadProcessMemory or WriteProcessMemory request was completed. (0x12B)
[0607/223036:WARNING:pe_image_reader.cc(280)] could not read dos header from C:\WINDOWS\SYSTEM32\WKSCLI.DLL
[0607/223036:ERROR:process_reader_win.cc(232)] ReadMemory at 0x70040000 of 64 bytes failed: Only part of a ReadProcessMemory or WriteProcessMemory request was completed. (0x12B)
[0607/223036:WARNING:pe_image_reader.cc(280)] could not read dos header from C:\Program Files (x86)\360\360Safe\safemon\safemon.dll
[0607/223036:ERROR:process_reader_win.cc(232)] ReadMemory at 0x73470000 of 64 bytes failed: Only part of a ReadProcessMemory or WriteProcessMemory request was completed. (0x12B)
[0607/223036:WARNING:pe_image_reader.cc(280)] could not read dos header from C:\Program Files (x86)\360\360Safe\safemon\iNetSafe.dll
[0607/223036:ERROR:process_reader_win.cc(232)] ReadMemory at 0x72000000 of 64 bytes failed: Only part of a ReadProcessMemory or WriteProcessMemory request was completed. (0x12B)
[0607/223036:WARNING:pe_image_reader.cc(280)] could not read dos header from C:\WINDOWS\SYSTEM32\WINSPOOL.DRV
[0607/223036:ERROR:process_reader_win.cc(232)] ReadMemory at 0x726c0000 of 64 bytes failed: Only part of a ReadProcessMemory or WriteProcessMemory request was completed. (0x12B)
[0607/223036:WARNING:pe_image_reader.cc(280)] could not read dos header from C:\WINDOWS\WinSxS\x86_microsoft.windows.common-controls_6595b64144ccf1df_6.0.10586.0_none_d3c2e4e965da4528\COMCTL32.dll
[0607/223036:ERROR:process_reader_win.cc(232)] ReadMemory at 0x752a0000 of 64 bytes failed: Only part of a ReadProcessMemory or WriteProcessMemory request was completed. (0x12B)
[0607/223036:WARNING:pe_image_reader.cc(280)] could not read dos header from C:\WINDOWS\SYSTEM32\FirewallAPI.dll
[0607/223036:ERROR:process_reader_win.cc(232)] ReadMemory at 0x72d10000 of 64 bytes failed: Only part of a ReadProcessMemory or WriteProcessMemory request was completed. (0x12B)
[0607/223036:WARNING:pe_image_reader.cc(280)] could not read dos header from C:\WINDOWS\SYSTEM32\fwbase.dll
[0607/223036:ERROR:process_reader_win.cc(232)] ReadMemory at 0x72d40000 of 64 bytes failed: Only part of a ReadProcessMemory or WriteProcessMemory request was completed. (0x12B)
[0607/223036:WARNING:pe_image_reader.cc(280)] could not read dos header from C:\WINDOWS\SYSTEM32\DAVHLPR.DLL
[0607/223036:ERROR:process_reader_win.cc(232)] ReadMemory at 0x74e50000 of 64 bytes failed: Only part of a ReadProcessMemory or WriteProcessMemory request was completed. (0x12B)
[0607/223036:WARNING:pe_image_reader.cc(280)] could not read dos header from C:\WINDOWS\SYSTEM32\COMDLG32.dll
[0607/223036:ERROR:process_reader_win.cc(232)] ReadMemory at 0x748e0000 of 64 bytes failed: Only part of a ReadProcessMemory or WriteProcessMemory request was completed. (0x12B)
[0607/223036:WARNING:pe_image_reader.cc(280)] could not read dos header from C:\WINDOWS\SYSTEM32\IPHLPAPI.DLL
[0607/223036:ERROR:process_reader_win.cc(232)] ReadMemory at 0x73170000 of 64 bytes failed: Only part of a ReadProcessMemory or WriteProcessMemory request was completed. (0x12B)
[0607/223036:WARNING:pe_image_reader.cc(280)] could not read dos header from C:\WINDOWS\SYSTEM32\USP10.dll
[0607/223036:ERROR:process_reader_win.cc(232)] ReadMemory at 0x77d60000 of 64 bytes failed: Only part of a ReadProcessMemory or WriteProcessMemory request was completed. (0x12B)
[0607/223036:WARNING:pe_image_reader.cc(280)] could not read dos header from C:\WINDOWS\SYSTEM32\MSASN1.dll
[0607/223036:ERROR:process_reader_win.cc(232)] ReadMemory at 0x77200000 of 64 bytes failed: Only part of a ReadProcessMemory or WriteProcessMemory request was completed. (0x12B)
[0607/223036:WARNING:pe_image_reader.cc(280)] could not read dos header from C:\WINDOWS\SYSTEM32\CRYPT32.dll
[0607/223036:ERROR:process_reader_win.cc(232)] ReadMemory at 0x76c50000 of 64 bytes failed: Only part of a ReadProcessMemory or WriteProcessMemory request was completed. (0x12B)
[0607/223036:WARNING:pe_image_reader.cc(280)] could not read dos header from C:\WINDOWS\SYSTEM32\WINTRUST.dll
[0607/223036:ERROR:process_reader_win.cc(232)] ReadMemory at 0x745a0000 of 64 bytes failed: Only part of a ReadProcessMemory or WriteProcessMemory request was completed. (0x12B)
[0607/223036:WARNING:pe_image_reader.cc(280)] could not read dos header from C:\WINDOWS\SYSTEM32\Secur32.dll
[0607/223036:ERROR:process_reader_win.cc(232)] ReadMemory at 0x583e0000 of 64 bytes failed: Only part of a ReadProcessMemory or WriteProcessMemory request was completed. (0x12B)
[0607/223036:WARNING:pe_image_reader.cc(280)] could not read dos header from C:\Program Files (x86)\Google\Chrome\Application\49.0.2623.110\chrome_child.dll
[0607/223036:ERROR:process_reader_win.cc(232)] ReadMemory at 0x70350000 of 64 bytes failed: Only part of a ReadProcessMemory or WriteProcessMemory request was completed. (0x12B)
[0607/223036:WARNING:pe_image_reader.cc(280)] could not read dos header from C:\Program Files (x86)\360\360Safe\360verify.dll
[0607/223036:ERROR:process_reader_win.cc(232)] ReadMemory at 0x6f290000 of 64 bytes failed: Only part of a ReadProcessMemory or WriteProcessMemory request was completed. (0x12B)
[0607/223036:WARNING:pe_image_reader.cc(280)] could not read dos header from C:\WINDOWS\SYSTEM32\dwrite.dll
[0607/223036:ERROR:process_reader_win.cc(232)] ReadMemory at 0x186000 of 40960 bytes failed: Only part of a ReadProcessMemory or WriteProcessMemory request was completed. (0x12B)
[0607/223036:ERROR:crash_report_exception_handler.cc(102)] WriteEverything failed
[0607/223036:ERROR:scoped_process_suspend.cc(38)] NtResumeProcess, ntstatus=-1073741558
